[2025-05-16 14:22:36,133][trainer.accelerators.base_accelerator][INFO] - Setting seed 42
[2025-05-16 14:22:36,133][trainer.accelerators.base_accelerator][INFO] - Initialized accelerator: rank=0
[2025-05-16 14:22:36,143][__main__][INFO] - Config can be found in outputs/config.yaml
[2025-05-16 14:22:36,143][__main__][INFO] - Loading task
[2025-05-16 14:22:36,453][__main__][INFO] - Loading model
[2025-05-16 14:28:58,561][__main__][INFO] - Loading criterion
[2025-05-16 14:28:58,561][__main__][INFO] - Loading optimizer
[2025-05-16 14:28:58,562][__main__][INFO] - Loading lr scheduler
[2025-05-16 14:28:58,563][__main__][INFO] - Loading dataloaders
[2025-05-16 14:28:58,563][trainer.datasetss.clip_hf_dataset][INFO] - Loading train dataset
[2025-05-16 15:05:29,344][trainer.accelerators.base_accelerator][INFO] - Setting seed 42
[2025-05-16 15:05:29,344][trainer.accelerators.base_accelerator][INFO] - Initialized accelerator: rank=0
[2025-05-16 15:05:29,350][__main__][INFO] - Config can be found in outputs/config.yaml
[2025-05-16 15:05:29,350][__main__][INFO] - Loading task
[2025-05-16 15:05:29,632][__main__][INFO] - Loading model
[2025-05-16 15:05:32,669][__main__][INFO] - Loading criterion
[2025-05-16 15:05:32,670][__main__][INFO] - Loading optimizer
[2025-05-16 15:05:32,671][__main__][INFO] - Loading lr scheduler
[2025-05-16 15:05:32,671][__main__][INFO] - Loading dataloaders
[2025-05-16 15:05:32,671][trainer.datasetss.clip_hf_dataset][INFO] - Loading train dataset
[2025-05-16 15:06:22,293][trainer.accelerators.base_accelerator][INFO] - Setting seed 42
[2025-05-16 15:06:22,294][trainer.accelerators.base_accelerator][INFO] - Initialized accelerator: rank=0
[2025-05-16 15:06:22,299][__main__][INFO] - Config can be found in outputs/config.yaml
[2025-05-16 15:06:22,299][__main__][INFO] - Loading task
[2025-05-16 15:06:22,580][__main__][INFO] - Loading model
[2025-05-16 15:06:25,598][__main__][INFO] - Loading criterion
[2025-05-16 15:06:25,598][__main__][INFO] - Loading optimizer
[2025-05-16 15:06:25,600][__main__][INFO] - Loading lr scheduler
[2025-05-16 15:06:25,600][__main__][INFO] - Loading dataloaders
[2025-05-16 15:06:25,600][trainer.datasetss.clip_hf_dataset][INFO] - Loading train dataset
[2025-05-16 15:11:28,333][trainer.accelerators.base_accelerator][INFO] - Setting seed 42
[2025-05-16 15:11:28,334][trainer.accelerators.base_accelerator][INFO] - Initialized accelerator: rank=0
[2025-05-16 15:13:37,237][trainer.accelerators.base_accelerator][INFO] - Setting seed 42
[2025-05-16 15:13:37,238][trainer.accelerators.base_accelerator][INFO] - Initialized accelerator: rank=0
[2025-05-16 15:13:37,247][__main__][INFO] - Config can be found in outputs/config.yaml
[2025-05-16 15:13:37,247][__main__][INFO] - Loading task
[2025-05-16 15:13:37,531][__main__][INFO] - Loading model
[2025-05-16 15:13:40,556][__main__][INFO] - Loading criterion
[2025-05-16 15:13:40,557][__main__][INFO] - Loading optimizer
[2025-05-16 15:13:40,558][__main__][INFO] - Loading lr scheduler
[2025-05-16 15:13:40,559][__main__][INFO] - Loading dataloaders
[2025-05-16 15:13:40,559][trainer.datasetss.clip_hf_dataset][INFO] - Loading train dataset
[2025-05-16 16:54:27,123][trainer.accelerators.base_accelerator][INFO] - Setting seed 42
[2025-05-16 16:54:27,124][trainer.accelerators.base_accelerator][INFO] - Initialized accelerator: rank=0
[2025-05-16 16:54:45,082][trainer.accelerators.base_accelerator][INFO] - Setting seed 42
[2025-05-16 16:54:45,082][trainer.accelerators.base_accelerator][INFO] - Initialized accelerator: rank=0
[2025-05-16 16:54:45,092][__main__][INFO] - Config can be found in outputs/config.yaml
[2025-05-16 16:54:45,092][__main__][INFO] - Loading task
[2025-05-16 16:54:45,382][__main__][INFO] - Loading model
[2025-05-16 16:54:48,375][__main__][INFO] - Loading criterion
[2025-05-16 16:54:48,375][__main__][INFO] - Loading optimizer
[2025-05-16 16:54:48,376][__main__][INFO] - Loading lr scheduler
[2025-05-16 16:54:48,377][__main__][INFO] - Loading dataloaders
[2025-05-16 16:54:48,377][trainer.datasetss.clip_hf_dataset][INFO] - Loading train dataset
[2025-05-16 16:55:39,749][trainer.accelerators.base_accelerator][INFO] - Setting seed 42
[2025-05-16 16:55:39,750][trainer.accelerators.base_accelerator][INFO] - Initialized accelerator: rank=0
[2025-05-16 16:55:39,760][__main__][INFO] - Config can be found in outputs/config.yaml
[2025-05-16 16:55:39,760][__main__][INFO] - Loading task
[2025-05-16 16:55:40,057][__main__][INFO] - Loading model
[2025-05-16 16:55:43,070][__main__][INFO] - Loading criterion
[2025-05-16 16:55:43,070][__main__][INFO] - Loading optimizer
[2025-05-16 16:55:43,072][__main__][INFO] - Loading lr scheduler
[2025-05-16 16:55:43,072][__main__][INFO] - Loading dataloaders
[2025-05-16 16:55:43,072][trainer.datasetss.clip_hf_dataset][INFO] - Loading train dataset
[2025-05-16 17:08:29,716][trainer.accelerators.base_accelerator][INFO] - Setting seed 42
[2025-05-16 17:08:29,716][trainer.accelerators.base_accelerator][INFO] - Initialized accelerator: rank=0
[2025-05-16 17:08:29,721][__main__][INFO] - Config can be found in outputs/config.yaml
[2025-05-16 17:08:29,721][__main__][INFO] - Loading task
[2025-05-16 17:08:30,015][__main__][INFO] - Loading model
[2025-05-16 17:08:33,045][__main__][INFO] - Loading criterion
[2025-05-16 17:08:33,046][__main__][INFO] - Loading optimizer
[2025-05-16 17:08:33,047][__main__][INFO] - Loading lr scheduler
[2025-05-16 17:08:33,047][__main__][INFO] - Loading dataloaders
[2025-05-16 17:08:33,048][trainer.datasetss.clip_hf_dataset][INFO] - Loading train dataset
[2025-05-16 17:10:37,019][trainer.accelerators.base_accelerator][INFO] - Setting seed 42
[2025-05-16 17:10:37,019][trainer.accelerators.base_accelerator][INFO] - Initialized accelerator: rank=0
[2025-05-16 17:10:37,025][__main__][INFO] - Config can be found in outputs/config.yaml
[2025-05-16 17:10:37,025][__main__][INFO] - Loading task
[2025-05-16 17:10:37,294][__main__][INFO] - Loading model
[2025-05-16 17:10:40,336][__main__][INFO] - Loading criterion
[2025-05-16 17:10:40,336][__main__][INFO] - Loading optimizer
[2025-05-16 17:10:40,337][__main__][INFO] - Loading lr scheduler
[2025-05-16 17:10:40,338][__main__][INFO] - Loading dataloaders
[2025-05-16 17:10:40,338][trainer.datasetss.clip_hf_dataset][INFO] - Loading train dataset
[2025-05-16 17:18:18,859][trainer.accelerators.base_accelerator][INFO] - Setting seed 42
[2025-05-16 17:18:18,859][trainer.accelerators.base_accelerator][INFO] - Initialized accelerator: rank=0
[2025-05-16 17:18:18,864][__main__][INFO] - Config can be found in outputs/config.yaml
[2025-05-16 17:18:18,865][__main__][INFO] - Loading task
[2025-05-16 17:18:47,613][trainer.accelerators.base_accelerator][INFO] - Setting seed 42
[2025-05-16 17:18:47,613][trainer.accelerators.base_accelerator][INFO] - Initialized accelerator: rank=0
[2025-05-16 17:18:47,618][__main__][INFO] - Config can be found in outputs/config.yaml
[2025-05-16 17:18:47,618][__main__][INFO] - Loading task
[2025-05-16 17:18:47,901][__main__][INFO] - Loading model
[2025-05-16 17:18:50,873][__main__][INFO] - Loading criterion
[2025-05-16 17:18:50,873][__main__][INFO] - Loading optimizer
[2025-05-16 17:18:50,875][__main__][INFO] - Loading lr scheduler
[2025-05-16 17:18:50,875][__main__][INFO] - Loading dataloaders
[2025-05-16 17:18:50,875][trainer.datasetss.clip_hf_dataset][INFO] - Loading train dataset
[2025-05-16 17:18:50,880][trainer.datasetss.clip_hf_dataset][INFO] - Loaded 450 examples from train dataset
[2025-05-16 17:18:50,880][trainer.datasetss.clip_hf_dataset][INFO] - Loaded 450 examples from train dataset
[2025-05-16 17:18:52,606][trainer.datasetss.clip_hf_dataset][INFO] - Loading validation_unique dataset
[2025-05-16 17:21:42,619][trainer.accelerators.base_accelerator][INFO] - Setting seed 42
[2025-05-16 17:21:42,620][trainer.accelerators.base_accelerator][INFO] - Initialized accelerator: rank=0
[2025-05-16 17:21:42,625][__main__][INFO] - Config can be found in outputs/config.yaml
[2025-05-16 17:21:42,625][__main__][INFO] - Loading task
[2025-05-16 17:21:43,267][__main__][INFO] - Loading model
[2025-05-16 17:22:47,980][trainer.accelerators.base_accelerator][INFO] - Setting seed 42
[2025-05-16 17:22:47,980][trainer.accelerators.base_accelerator][INFO] - Initialized accelerator: rank=0
[2025-05-16 17:22:47,985][__main__][INFO] - Config can be found in outputs/config.yaml
[2025-05-16 17:22:47,985][__main__][INFO] - Loading task
[2025-05-16 17:22:48,272][__main__][INFO] - Loading model
[2025-05-16 17:22:51,286][__main__][INFO] - Loading criterion
[2025-05-16 17:22:51,287][__main__][INFO] - Loading optimizer
[2025-05-16 17:22:51,288][__main__][INFO] - Loading lr scheduler
[2025-05-16 17:22:51,289][__main__][INFO] - Loading dataloaders
[2025-05-16 17:22:51,289][trainer.datasetss.clip_hf_dataset][INFO] - Loading train dataset
[2025-05-16 17:22:51,294][trainer.datasetss.clip_hf_dataset][INFO] - Loaded 450 examples from train dataset
[2025-05-16 17:22:51,294][trainer.datasetss.clip_hf_dataset][INFO] - Loaded 450 examples from train dataset
[2025-05-16 17:22:53,053][trainer.datasetss.clip_hf_dataset][INFO] - Loading validation_unique dataset
[2025-05-16 17:22:53,057][trainer.datasetss.clip_hf_dataset][INFO] - Loaded 50 examples from validation_unique dataset
[2025-05-16 17:22:53,058][trainer.datasetss.clip_hf_dataset][INFO] - Keeping only examples with label in validation_unique split
[2025-05-16 17:22:53,075][trainer.datasetss.clip_hf_dataset][INFO] - Kept 39 examples from validation_unique dataset
[2025-05-16 17:22:53,075][trainer.datasetss.clip_hf_dataset][INFO] - Loaded 39 examples from validation_unique dataset
[2025-05-16 17:22:54,672][trainer.datasetss.clip_hf_dataset][INFO] - Loading test_unique dataset
